Arguments: 
  C:\Program Files\nodejs\node.exe C:\Users\Filip\AppData\Roaming\npm\node_modules\yarn\bin\yarn.js add @types/preact

PATH: 
  C:\Program Files\PowerShell\7;C:\Users\Filip\go\go1.17\bin;C:\Users\Filip\go\bin;C:\Program Files (x86)\Common Files\Intel\Shared Libraries\redist\intel64\compiler;C:\Program Files (x86)\Common Files\Oracle\Java\javapath;C:\Program Files\NVIDIA GPU Computing Toolkit\CUDA\v9.0\bin;C:\Program Files\NVIDIA GPU Computing Toolkit\CUDA\v9.0\libnvvp;C:\Program Files (x86)\Intel\iCLS Client\;C:\Program Files\Intel\iCLS Client\;C:\ProgramData\Oracle\Java\javapath;C:\Windows\system32;C:\Windows;C:\Windows\System32\Wbem;C:\Windows\System32\WindowsPowerShell\v1.0\;C:\Program Files (x86)\NVIDIA Corporation\PhysX\Common;C:\Program Files\Microsoft SQL Server\130\Tools\Binn\;C:\WINDOWS\system32;C:\WINDOWS;C:\WINDOWS\System32\Wbem;C:\WINDOWS\System32\WindowsPowerShell\v1.0\;C:\WINDOWS\System32\OpenSSH\;C:\Program Files\NVIDIA Corporation\NVIDIA NvDLISR;C:\Program Files\CMake\bin;C:\WINDOWS\system32;C:\WINDOWS;C:\WINDOWS\System32\Wbem;C:\WINDOWS\System32\WindowsPowerShell\v1.0\;C:\WINDOWS\System32\OpenSSH\;C:\Program Files\OpenSSH-Win64;C:\Program Files (x86)\Windows Kits\10\Windows Performance Toolkit\;C:\Program Files\Git\cmd;C:\Program Files\dotnet\;C:\Program Files\Python38\Scripts;C:\Program Files\Python38;C:\Program Files\nodejs\;C:\Program Files\PowerShell\7\;C:\Program Files\PowerShell\7-preview\preview;C:\Program Files (x86)\Tailscale IPN;C:\Users\Filip\scoop\apps\GnuPG\current\bin;C:\Program Files\Python38\Scripts\;C:\Program Files\Python38\;C:\Users\Filip\.cargo\bin;C:\Users\Filip\scoop\shims;C:\Users\Filip\AppData\Local\Microsoft\WindowsApps;C:\Users\Filip\AppData\Roaming\Python\Python38\Scripts;C:\Program Files\Python38\Scripts;C:\Program Files\Python38;C:\Program Files\mingw-w64\x86_64-8.1.0-win32-seh-rt_v6-rev0\mingw64\bin;C:\Users\Filip\AppData\Local\Pandoc\;C:\tools\dart-sdk\bin;C:\Users\Filip\Downloads\ffmpeg;C:\Program Files (x86)\Nmap;C:\Users\Filip\go\go1.17\bin;C:\Program Files\Bandizip\;C:\Program Files (x86)\GitHub CLI\;C:\Users\Filip\AppData\Roaming\npm;C:\Users\Filip\go\bin;C:\Users\Filip\pulumi;C:\Users\Filip\AppData\Local\Programs\Microsoft VS Code\bin;

Yarn version: 
  1.22.11

Node version: 
  16.10.0

Platform: 
  win32 x64

Trace: 
  Error: https://registry.yarnpkg.com/@types%2fpreact: Not found
      at Request.params.callback [as _callback] (C:\Users\Filip\AppData\Roaming\npm\node_modules\yarn\lib\cli.js:66992:18)
      at Request.self.callback (C:\Users\Filip\AppData\Roaming\npm\node_modules\yarn\lib\cli.js:140763:22)
      at Request.emit (node:events:390:28)
      at Request.<anonymous> (C:\Users\Filip\AppData\Roaming\npm\node_modules\yarn\lib\cli.js:141735:10)
      at Request.emit (node:events:390:28)
      at IncomingMessage.<anonymous> (C:\Users\Filip\AppData\Roaming\npm\node_modules\yarn\lib\cli.js:141657:12)
      at Object.onceWrapper (node:events:509:28)
      at IncomingMessage.emit (node:events:402:35)
      at endReadableNT (node:internal/streams/readable:1343:12)
      at processTicksAndRejections (node:internal/process/task_queues:83:21)

npm manifest: 
  {
    "name": "vite3",
    "version": "0.0.0",
    "scripts": {
      "dev": "vite",
      "build": "tsc && vite build",
      "serve": "vite preview"
    },
    "dependencies": {
      "preact": "^10.5.13"
    },
    "devDependencies": {
      "@preact/preset-vite": "^2.0.0",
      "typescript": "^4.3.2",
      "vite": "^2.5.4"
    }
  }

yarn manifest: 
  No manifest

Lockfile: 
  No lockfile
